commit 424a33873ba38b60a660c49e6e632ae556e5a81c
Author: Raymond Ton <rtx129@yahoo.com>
Date:   Thu Nov 19 14:22:33 2015 -0600

    fixing Life.log spelling in makefile

commit 5cae7c14aa385f6de22844cb15ed5e9848c103ad
Author: Raymond Ton <rtx129@yahoo.com>
Date:   Thu Nov 19 14:17:08 2015 -0600

    fixed travis file and some documentation

commit 8cc7b98b9459263c9cdf6703649c858ef7a194f0
Author: Raymond Ton <rtx129@yahoo.com>
Date:   Thu Nov 19 14:06:15 2015 -0600

    removing excess files and fixed Life.log name

commit e8783da16f4afa969f5ebbf49f5b241266c69839
Author: Raymond Ton <rtx129@yahoo.com>
Date:   Thu Nov 19 13:57:31 2015 -0600

    adding html/ and git log

commit 2e14d9fa5f77a3c256926c055f77e0615aa4ae90
Author: Raymond Ton <rtx129@yahoo.com>
Date:   Thu Nov 19 13:54:20 2015 -0600

    final cleanup

commit 95c0f7a7f9bb60b160fbb755a7f01e7c3d858d40
Author: Raymond Ton <rtx129@yahoo.com>
Date:   Thu Nov 19 13:51:22 2015 -0600

    fixing tests after changing runlife.c++

commit 480070a06d3af762bb668f57b328808d6bc53cb3
Author: Raymond Ton <rtx129@yahoo.com>
Date:   Thu Nov 19 13:11:11 2015 -0600

    adding final RunLife.in and RunLife.out

commit db6dd65539ec3c24388093afde1e9bff9fb721cf
Author: vinhnguyen82 <vinhnguyentx@gmail.com>
Date:   Thu Nov 19 12:41:30 2015 -0600

    update many files

commit 7705379eb74d34c820db8f7b0f9b49c4f08a6b34
Merge: 434bc3a f4622de
Author: vinhnguyen82 <vinhnguyentx@gmail.com>
Date:   Thu Nov 19 11:26:25 2015 -0600

    Merge branch 'master' of github.com:vinhnguyen82/cs371p-life

commit 434bc3a85798dd5c9b571eb70b6714fa2a4606e4
Author: vinhnguyen82 <vinhnguyentx@gmail.com>
Date:   Thu Nov 19 11:26:18 2015 -0600

    update input method

commit f4622dec6af5b40059e3394aa8931e44de1eee4a
Author: Raymond Ton <rtx129@yahoo.com>
Date:   Thu Nov 19 06:00:29 2015 -0600

    updating gitignore file

commit e704f882a22b695cbf2435149a4c7a86629f64f0
Merge: be84868 bc42d5e
Author: Raymond Ton <rtx129@yahoo.com>
Date:   Thu Nov 19 05:56:04 2015 -0600

    Merge branch 'master' of https://github.com/vinhnguyen82/cs371p-life

commit be848686bbd0548d4306dda880167cd48cefd08e
Author: Raymond Ton <rtx129@yahoo.com>
Date:   Thu Nov 19 05:55:43 2015 -0600

    adding more life test and modifying print methods

commit bc42d5e2c531be498b0c5070fb83141025a1b763
Author: vinhnguyen82 <vinhnguyentx@gmail.com>
Date:   Thu Nov 19 05:32:22 2015 -0600

    update makefile

commit 697246e2b3c5b04c3cc2af40996ed2376e45dc8e
Author: vinhnguyen82 <vinhnguyentx@gmail.com>
Date:   Thu Nov 19 05:28:12 2015 -0600

    update makefile

commit 78ac22d88c5113e9386f91170e5d5a52b493a68b
Author: vinhnguyen82 <vinhnguyentx@gmail.com>
Date:   Thu Nov 19 05:24:10 2015 -0600

    update makefile

commit 3919e8e5920da9149b5a29b8a0b8334ed6c69b99
Author: vinhnguyen82 <vinhnguyentx@gmail.com>
Date:   Thu Nov 19 05:18:07 2015 -0600

    update makefile

commit 3bd4c52f5dd8c05c581cfe9e88eec716efaec646
Author: Raymond Ton <rtx129@yahoo.com>
Date:   Thu Nov 19 04:51:27 2015 -0600

    added intervals to RunLife.c++

commit 1767c5b77080a6f7569e2790c5cc82e10c99ccd1
Merge: 505a4ca 00a99f5
Author: Raymond Ton <rtx129@yahoo.com>
Date:   Thu Nov 19 04:34:48 2015 -0600

    Merge branch 'master' of https://github.com/vinhnguyen82/cs371p-life

commit 505a4ca9c87394628df5a699a163cc46755f5376
Author: Raymond Ton <rtx129@yahoo.com>
Date:   Thu Nov 19 04:34:17 2015 -0600

    finished up Life.h

commit 00a99f5a1fc28ae3beb026229b715d5638fb5173
Author: vinhnguyen82 <vinhnguyentx@gmail.com>
Date:   Thu Nov 19 04:27:02 2015 -0600

    add Life.log closes #13

commit 76c658dc6402770869489acde18dc92c2cef1927
Author: vinhnguyen82 <vinhnguyentx@gmail.com>
Date:   Thu Nov 19 04:25:48 2015 -0600

    update makefile closes #5

commit fafa661bcf8e8171fb213ee955c7743f0a40c6dc
Author: Raymond Ton <rtx129@yahoo.com>
Date:   Thu Nov 19 04:13:17 2015 -0600

    finished documentation closes #9

commit 1a9a6bb2c762982343ed347f863516c0f09afd42
Author: Raymond Ton <rtx129@yahoo.com>
Date:   Thu Nov 19 04:02:55 2015 -0600

    added a few life test cases

commit 08e145b7ad190abf667ca00d15c8c48e6dea24e2
Author: Raymond Ton <rtx129@yahoo.com>
Date:   Thu Nov 19 03:43:57 2015 -0600

    finished up outputcloses #5, closes #6

commit e14483f6e638067c9f4c6632fd1ff08e76bec81d
Author: vinhnguyen82 <vinhnguyentx@gmail.com>
Date:   Thu Nov 19 02:45:47 2015 -0600

    add RunLife.out testLife.out

commit 5ace3f1bdb7815d15325996c097f6566970ba03e
Author: vinhnguyen82 <vinhnguyentx@gmail.com>
Date:   Thu Nov 19 02:39:29 2015 -0600

    update makefile

commit b3fce846bc001ea74e18eefa85241700d26cf4be
Author: vinhnguyen82 <vinhnguyentx@gmail.com>
Date:   Thu Nov 19 02:30:44 2015 -0600

    update RunLife.c++

commit 8fa63013051ab9d0fb02ad069944876bbf3fe466
Author: vinhnguyen82 <vinhnguyentx@gmail.com>
Date:   Thu Nov 19 02:24:07 2015 -0600

    add travis file

commit f172eb33e7c7354551f23c7733f12e422d3f8975
Merge: 881e8e1 5dcc6b1
Author: vinhnguyen82 <vinhnguyentx@gmail.com>
Date:   Thu Nov 19 02:07:51 2015 -0600

    Merge branch 'master' of github.com:vinhnguyen82/cs371p-life

commit 881e8e12ab3f294d109f3960965bc5ca0a749e49
Author: vinhnguyen82 <vinhnguyentx@gmail.com>
Date:   Thu Nov 19 02:07:30 2015 -0600

    update Life.h and RunLife.c++

commit 5dcc6b1e63e322c3c3a7d7fa6f9a10c2a98259aa
Merge: 9c89fcb 3f556a9
Author: Raymond Ton <rtx129@yahoo.com>
Date:   Thu Nov 19 01:25:50 2015 -0600

    Merge branch 'master' of https://github.com/vinhnguyen82/cs371p-life

commit 9c89fcb7f4d7384ac7d58249a4f3c7c0a19daf49
Author: Raymond Ton <rtx129@yahoo.com>
Date:   Thu Nov 19 01:25:27 2015 -0600

    added Cell tests

commit 3f556a9581119e4b05893d8a5fbb0229cd6edd4b
Author: vinhnguyen82 <vinhnguyentx@gmail.com>
Date:   Thu Nov 19 01:17:41 2015 -0600

    change UML file name

commit a012673c6f9a7834bb6438287771df4c8901e31e
Author: vinhnguyen82 <vinhnguyentx@gmail.com>
Date:   Thu Nov 19 01:13:04 2015 -0600

    create UML_Life closes #4 closes #7

commit f63c7ddaf3614dcba708378d992f1ad96ffeb367
Author: Raymond Ton <rtx129@yahoo.com>
Date:   Thu Nov 19 00:14:49 2015 -0600

    finishing up fredkin tests

commit 76035b139691ada4030ef894c7e0c12a01281572
Author: Raymond Ton <rtx129@yahoo.com>
Date:   Thu Nov 19 00:05:13 2015 -0600

    fixed fredkin evolve

commit 5596af1f7b754792609ab57df8ddd437cc02ac93
Author: Raymond Ton <rtx129@yahoo.com>
Date:   Wed Nov 18 23:48:26 2015 -0600

    adding more tests

commit b46c2bb8cd005f43d20219df69f029b0b6ba32f7
Author: Raymond Ton <rtx129@yahoo.com>
Date:   Wed Nov 18 22:32:18 2015 -0600

    creating initial tests

commit 7a2c1d66d451f00e9ffe6b7c9903f88ba18be376
Author: vinhnguyen82 <vinhnguyentx@gmail.com>
Date:   Wed Nov 18 22:24:59 2015 -0600

    update Life.h Life.c++

commit 4c1b08c8db00f5005b9510c617269d25cff49609
Author: vinhnguyen82 <vinhnguyentx@gmail.com>
Date:   Wed Nov 18 22:04:38 2015 -0600

    update How-to

commit 71c2cd1e1ebe36a5ad781a670a76c9cc36a11a5c
Author: vinhnguyen82 <vinhnguyentx@gmail.com>
Date:   Wed Nov 18 21:04:20 2015 -0600

    add How-to-compile closes #2 closes #3

commit f79b52ae37778ae3f3dbe8dcd89c950e3ecd809b
Author: vinhnguyen82 <vinhnguyentx@gmail.com>
Date:   Wed Nov 18 20:15:14 2015 -0600

    update life.h life.c++ and initialize Runlife.c++ Runlife.in closes 2 close 3

commit f353b0d46edbafba1ea6213e90e3fc43d7f871a6
Author: vinhnguyen82 <vinhnguyentx@gmail.com>
Date:   Wed Nov 18 12:33:28 2015 -0600

    update life.c++ and life.hcloses 2

commit 96563ada62ff205d10ae0e4b466fbc26030419aa
Author: vinhnguyen82 <vinhnguyentx@gmail.com>
Date:   Tue Nov 17 02:49:50 2015 -0600

    update makefile closes #1

commit d6c29571cf5214354355966773772dd880db2661
Author: vinhnguyen82 <vinhnguyentx@gmail.com>
Date:   Mon Nov 16 21:55:40 2015 -0600

    update makefile

commit abc383640943e9477b25221b775e168ed318315b
Author: vinhnguyen82 <vinhnguyentx@gmail.com>
Date:   Fri Nov 13 13:40:29 2015 -0600

    initializing

commit 802686d25def9b7d38dbf84a1df0ab378d929e56
Author: vinhnguyen82 <vinhnguyentx@utexas.edu>
Date:   Fri Nov 13 13:28:18 2015 -0600

    Initial commit
