1 2 2
2 3 8
2 6 9
3 9 20
12 45 112
234 13 128
13 42 112
42 13 112
23 456 144
123 97 119
1235 564 182
245 245 22
255 255 48
240 2364 183
245 445 144
23 62 113
23 67 113
14 57 113
887 964 174
244 52 128
12345 5676 268
5354 2566 238
3456 3245 181
87 45 116
554 7865 262
2443 3633 217
2564 2464 178
2463 2456 209
4466 3446 238
45 64 113
245 367 144
246 576 144
3244 5675 238
5454 667 238
23 54 113
467 1234 182
457 4745 238
2335 3464 217
2345 535 183
2466 999 209
454 567 142
244 444 144
245 566 144
246 247 48
124 66 119
876 765 179
24534 4524 282
4468 12344 268
9872 345 262
765 124 171
245 255 110
1 1 1
1 2 2
1 5 8
14 25 24
256 467 144
4567 7654 262
765 536 171
255 256 48
234 567 144
12456 34556 311
13476 44567 324
23457 35664 324
3467 3446 150
9876 6798 260
655 3333 217
222 333 144
987 988 50
12345 12347 113
2353 34653 311
13256 47435 324
24 65 113
244 367 144
25 35 112
356 678 145
2456 5467 238
876 450 179
980 5767 238
2456 6477 262
2456 647 183
3424 5609 238
4560 7023 262
2398 8070 262
2354 4676 238
3423 4535 238
235 3456 217
34354 1 311
1 3435 217
1245 4464 238
23 567 144
135 46 122
356 467 134
2456 5754 238
2435 6899 262
2435 7557 262
4508 8754 262
2435 1243 183
245 3567 217
455 644 142
1345 456 182
3254 465 217
245 3567 217
1324 4356 238
245 456 144
2456 2456 41
45 435 144
224 553 144
15 45 112
